2016-08-29 13:32:57 1884 [Note] Plugin 'FEDERATED' is disabled.
2016-08-29 13:32:57 1884 [Note] InnoDB: Using atomics to ref count buffer pool pages
2016-08-29 13:32:57 1884 [Note] InnoDB: The InnoDB memory heap is disabled
2016-08-29 13:32:57 1884 [Note] InnoDB: Mutexes and rw_locks use Windows interlocked functions
2016-08-29 13:32:57 1884 [Note] InnoDB: Memory barrier is not used
2016-08-29 13:32:57 1884 [Note] InnoDB: Compressed tables use zlib 1.2.3
2016-08-29 13:32:57 1884 [Note] InnoDB: Not using CPU crc32 instructions
2016-08-29 13:32:57 1884 [Note] InnoDB: Initializing buffer pool, size = 32.0M
2016-08-29 13:32:57 1884 [Note] InnoDB: Completed initialization of buffer pool
2016-08-29 13:32:59 1884 [Note] InnoDB: Highest supported file format is Barracuda.
2016-08-29 13:32:59 1884 [Note] InnoDB: 128 rollback segment(s) are active.
2016-08-29 13:32:59 1884 [Note] InnoDB: Waiting for purge to start
2016-08-29 13:32:59 1884 [Note] InnoDB: 5.6.32 started; log sequence number 1771182
2016-08-29 13:32:59 1884 [Warning] No existing UUID has been found, so we assume that this is the first time that this server has been started. Generating a new UUID: 56a16152-6ddc-11e6-9f3d-b2e35b1f8952.
2016-08-29 13:32:59 1884 [Note] Server hostname (bind-address): '127.0.0.1'; port: 3306
2016-08-29 13:32:59 1884 [Note]   - '127.0.0.1' resolves to '127.0.0.1';
2016-08-29 13:32:59 1884 [Note] Server socket created on IP: '127.0.0.1'.
2016-08-29 13:32:59 1884 [Note] Event Scheduler: Loaded 0 events
2016-08-29 13:32:59 1884 [Note] Execution of init_file 'D:\Downloads\UniServerZ\core\mysql\bin\mysql-init.txt' started.
2016-08-29 13:32:59 1884 [Note] Execution of init_file 'D:\Downloads\UniServerZ\core\mysql\bin\mysql-init.txt' ended.
2016-08-29 13:32:59 1884 [Note] D:\Downloads\UniServerZ\core\mysql\bin\mysqld_z.exe: ready for connections.
Version: '5.6.32'  socket: ''  port: 3306  MySQL Community Server (GPL)
2016-08-30 13:16:19 8612 [Note] Plugin 'FEDERATED' is disabled.
2016-08-30 13:16:19 8612 [Note] InnoDB: Using atomics to ref count buffer pool pages
2016-08-30 13:16:19 8612 [Note] InnoDB: The InnoDB memory heap is disabled
2016-08-30 13:16:19 8612 [Note] InnoDB: Mutexes and rw_locks use Windows interlocked functions
2016-08-30 13:16:19 8612 [Note] InnoDB: Memory barrier is not used
2016-08-30 13:16:19 8612 [Note] InnoDB: Compressed tables use zlib 1.2.3
2016-08-30 13:16:19 8612 [Note] InnoDB: Not using CPU crc32 instructions
2016-08-30 13:16:19 8612 [Note] InnoDB: Initializing buffer pool, size = 32.0M
2016-08-30 13:16:19 8612 [Note] InnoDB: Completed initialization of buffer pool
2016-08-30 13:16:19 8612 [Note] InnoDB: Highest supported file format is Barracuda.
2016-08-30 13:16:19 8612 [Note] InnoDB: 128 rollback segment(s) are active.
2016-08-30 13:16:19 8612 [Note] InnoDB: Waiting for purge to start
2016-08-30 13:16:19 8612 [Note] InnoDB: 5.6.32 started; log sequence number 1771182
2016-08-30 13:16:19 8612 [Note] Server hostname (bind-address): '127.0.0.1'; port: 3306
2016-08-30 13:16:19 8612 [Note]   - '127.0.0.1' resolves to '127.0.0.1';
2016-08-30 13:16:19 8612 [Note] Server socket created on IP: '127.0.0.1'.
2016-08-30 13:16:19 8612 [Note] Event Scheduler: Loaded 0 events
2016-08-30 13:16:19 8612 [Note] C:\Users\kimte\Desktop\KTH\InternetApplikationer\UniServerZ\core\mysql\bin\mysqld_z.exe: ready for connections.
Version: '5.6.32'  socket: ''  port: 3306  MySQL Community Server (GPL)
2016-09-08 14:06:48 8612 [Note] C:\Users\kimte\Desktop\KTH\InternetApplikationer\UniServerZ\core\mysql\bin\mysqld_z.exe: Normal shutdown

2016-09-08 14:06:48 8612 [Note] Giving 0 client threads a chance to die gracefully
2016-09-08 14:06:48 8612 [Note] Event Scheduler: Purging the queue. 0 events
2016-09-08 14:06:48 8612 [Note] Shutting down slave threads
2016-09-08 14:06:48 8612 [Note] Forcefully disconnecting 0 remaining clients
2016-09-08 14:06:48 8612 [Note] Binlog end
2016-09-08 14:06:48 8612 [Note] Shutting down plugin 'partition'
2016-09-08 14:06:48 8612 [Note] Shutting down plugin 'PERFORMANCE_SCHEMA'
2016-09-08 14:06:48 8612 [Note] Shutting down plugin 'INNODB_SYS_DATAFILES'
2016-09-08 14:06:48 8612 [Note] Shutting down plugin 'INNODB_SYS_TABLESPACES'
2016-09-08 14:06:48 8612 [Note] Shutting down plugin 'INNODB_SYS_FOREIGN_COLS'
2016-09-08 14:06:48 8612 [Note] Shutting down plugin 'INNODB_SYS_FOREIGN'
2016-09-08 14:06:48 8612 [Note] Shutting down plugin 'INNODB_SYS_FIELDS'
2016-09-08 14:06:48 8612 [Note] Shutting down plugin 'INNODB_SYS_COLUMNS'
2016-09-08 14:06:48 8612 [Note] Shutting down plugin 'INNODB_SYS_INDEXES'
2016-09-08 14:06:48 8612 [Note] Shutting down plugin 'INNODB_SYS_TABLESTATS'
2016-09-08 14:06:48 8612 [Note] Shutting down plugin 'INNODB_SYS_TABLES'
2016-09-08 14:06:48 8612 [Note] Shutting down plugin 'INNODB_FT_INDEX_TABLE'
2016-09-08 14:06:48 8612 [Note] Shutting down plugin 'INNODB_FT_INDEX_CACHE'
2016-09-08 14:06:48 8612 [Note] Shutting down plugin 'INNODB_FT_CONFIG'
2016-09-08 14:06:48 8612 [Note] Shutting down plugin 'INNODB_FT_BEING_DELETED'
2016-09-08 14:06:48 8612 [Note] Shutting down plugin 'INNODB_FT_DELETED'
2016-09-08 14:06:48 8612 [Note] Shutting down plugin 'INNODB_FT_DEFAULT_STOPWORD'
2016-09-08 14:06:48 8612 [Note] Shutting down plugin 'INNODB_METRICS'
2016-09-08 14:06:48 8612 [Note] Shutting down plugin 'INNODB_BUFFER_POOL_STATS'
2016-09-08 14:06:48 8612 [Note] Shutting down plugin 'INNODB_BUFFER_PAGE_LRU'
2016-09-08 14:06:48 8612 [Note] Shutting down plugin 'INNODB_BUFFER_PAGE'
2016-09-08 14:06:48 8612 [Note] Shutting down plugin 'INNODB_CMP_PER_INDEX_RESET'
2016-09-08 14:06:48 8612 [Note] Shutting down plugin 'INNODB_CMP_PER_INDEX'
2016-09-08 14:06:48 8612 [Note] Shutting down plugin 'INNODB_CMPMEM_RESET'
2016-09-08 14:06:48 8612 [Note] Shutting down plugin 'INNODB_CMPMEM'
2016-09-08 14:06:48 8612 [Note] Shutting down plugin 'INNODB_CMP_RESET'
2016-09-08 14:06:48 8612 [Note] Shutting down plugin 'INNODB_CMP'
2016-09-08 14:06:48 8612 [Note] Shutting down plugin 'INNODB_LOCK_WAITS'
2016-09-08 14:06:48 8612 [Note] Shutting down plugin 'INNODB_LOCKS'
2016-09-08 14:06:48 8612 [Note] Shutting down plugin 'INNODB_TRX'
2016-09-08 14:06:48 8612 [Note] Shutting down plugin 'InnoDB'
2016-09-08 14:06:48 8612 [Note] InnoDB: FTS optimize thread exiting.
2016-09-08 14:06:48 8612 [Note] InnoDB: Starting shutdown...
2016-09-08 14:06:49 8612 [Note] InnoDB: Shutdown completed; log sequence number 1771192
2016-09-08 14:06:49 8612 [Note] Shutting down plugin 'BLACKHOLE'
2016-09-08 14:06:49 8612 [Note] Shutting down plugin 'ARCHIVE'
2016-09-08 14:06:49 8612 [Note] Shutting down plugin 'MRG_MYISAM'
2016-09-08 14:06:49 8612 [Note] Shutting down plugin 'MyISAM'
2016-09-08 14:06:49 8612 [Note] Shutting down plugin 'MEMORY'
2016-09-08 14:06:49 8612 [Note] Shutting down plugin 'CSV'
2016-09-08 14:06:49 8612 [Note] Shutting down plugin 'sha256_password'
2016-09-08 14:06:49 8612 [Note] Shutting down plugin 'mysql_old_password'
2016-09-08 14:06:49 8612 [Note] Shutting down plugin 'mysql_native_password'
2016-09-08 14:06:49 8612 [Note] Shutting down plugin 'binlog'
2016-09-08 14:06:49 8612 [Note] C:\Users\kimte\Desktop\KTH\InternetApplikationer\UniServerZ\core\mysql\bin\mysqld_z.exe: Shutdown complete

2016-09-08 14:07:18 5908 [Note] Plugin 'FEDERATED' is disabled.
2016-09-08 14:07:18 5908 [Note] InnoDB: Using atomics to ref count buffer pool pages
2016-09-08 14:07:18 5908 [Note] InnoDB: The InnoDB memory heap is disabled
2016-09-08 14:07:18 5908 [Note] InnoDB: Mutexes and rw_locks use Windows interlocked functions
2016-09-08 14:07:18 5908 [Note] InnoDB: Memory barrier is not used
2016-09-08 14:07:18 5908 [Note] InnoDB: Compressed tables use zlib 1.2.3
2016-09-08 14:07:18 5908 [Note] InnoDB: Not using CPU crc32 instructions
2016-09-08 14:07:18 5908 [Note] InnoDB: Initializing buffer pool, size = 32.0M
2016-09-08 14:07:18 5908 [Note] InnoDB: Completed initialization of buffer pool
2016-09-08 14:07:18 5908 [Note] InnoDB: Highest supported file format is Barracuda.
2016-09-08 14:07:18 5908 [Note] InnoDB: 128 rollback segment(s) are active.
2016-09-08 14:07:18 5908 [Note] InnoDB: Waiting for purge to start
2016-09-08 14:07:18 5908 [Note] InnoDB: 5.6.32 started; log sequence number 1771192
2016-09-08 14:07:18 5908 [Note] Server hostname (bind-address): '127.0.0.1'; port: 3306
2016-09-08 14:07:18 5908 [Note]   - '127.0.0.1' resolves to '127.0.0.1';
2016-09-08 14:07:18 5908 [Note] Server socket created on IP: '127.0.0.1'.
2016-09-08 14:07:18 5908 [Note] Event Scheduler: Loaded 0 events
2016-09-08 14:07:18 5908 [Note] C:\Users\kimte\Desktop\KTH\InternetApplikationer\UniServerZ.sem1\core\mysql\bin\mysqld_z.exe: ready for connections.
Version: '5.6.32'  socket: ''  port: 3306  MySQL Community Server (GPL)
2016-09-13 11:01:50 5908 [Note] C:\Users\kimte\Desktop\KTH\InternetApplikationer\UniServerZ.sem1\core\mysql\bin\mysqld_z.exe: Normal shutdown

2016-09-13 11:01:50 5908 [Note] Giving 0 client threads a chance to die gracefully
2016-09-13 11:01:50 5908 [Note] Event Scheduler: Purging the queue. 0 events
2016-09-13 11:01:50 5908 [Note] Shutting down slave threads
2016-09-13 11:01:50 5908 [Note] Forcefully disconnecting 0 remaining clients
2016-09-13 11:01:50 5908 [Note] Binlog end
2016-09-13 11:01:50 5908 [Note] Shutting down plugin 'partition'
2016-09-13 11:01:50 5908 [Note] Shutting down plugin 'PERFORMANCE_SCHEMA'
2016-09-13 11:01:50 5908 [Note] Shutting down plugin 'INNODB_SYS_DATAFILES'
2016-09-13 11:01:50 5908 [Note] Shutting down plugin 'INNODB_SYS_TABLESPACES'
2016-09-13 11:01:50 5908 [Note] Shutting down plugin 'INNODB_SYS_FOREIGN_COLS'
2016-09-13 11:01:50 5908 [Note] Shutting down plugin 'INNODB_SYS_FOREIGN'
2016-09-13 11:01:50 5908 [Note] Shutting down plugin 'INNODB_SYS_FIELDS'
2016-09-13 11:01:50 5908 [Note] Shutting down plugin 'INNODB_SYS_COLUMNS'
2016-09-13 11:01:50 5908 [Note] Shutting down plugin 'INNODB_SYS_INDEXES'
2016-09-13 11:01:50 5908 [Note] Shutting down plugin 'INNODB_SYS_TABLESTATS'
2016-09-13 11:01:50 5908 [Note] Shutting down plugin 'INNODB_SYS_TABLES'
2016-09-13 11:01:50 5908 [Note] Shutting down plugin 'INNODB_FT_INDEX_TABLE'
2016-09-13 11:01:50 5908 [Note] Shutting down plugin 'INNODB_FT_INDEX_CACHE'
2016-09-13 11:01:50 5908 [Note] Shutting down plugin 'INNODB_FT_CONFIG'
2016-09-13 11:01:50 5908 [Note] Shutting down plugin 'INNODB_FT_BEING_DELETED'
2016-09-13 11:01:50 5908 [Note] Shutting down plugin 'INNODB_FT_DELETED'
2016-09-13 11:01:50 5908 [Note] Shutting down plugin 'INNODB_FT_DEFAULT_STOPWORD'
2016-09-13 11:01:50 5908 [Note] Shutting down plugin 'INNODB_METRICS'
2016-09-13 11:01:50 5908 [Note] Shutting down plugin 'INNODB_BUFFER_POOL_STATS'
2016-09-13 11:01:50 5908 [Note] Shutting down plugin 'INNODB_BUFFER_PAGE_LRU'
2016-09-13 11:01:50 5908 [Note] Shutting down plugin 'INNODB_BUFFER_PAGE'
2016-09-13 11:01:50 5908 [Note] Shutting down plugin 'INNODB_CMP_PER_INDEX_RESET'
2016-09-13 11:01:50 5908 [Note] Shutting down plugin 'INNODB_CMP_PER_INDEX'
2016-09-13 11:01:50 5908 [Note] Shutting down plugin 'INNODB_CMPMEM_RESET'
2016-09-13 11:01:50 5908 [Note] Shutting down plugin 'INNODB_CMPMEM'
2016-09-13 11:01:50 5908 [Note] Shutting down plugin 'INNODB_CMP_RESET'
2016-09-13 11:01:50 5908 [Note] Shutting down plugin 'INNODB_CMP'
2016-09-13 11:01:50 5908 [Note] Shutting down plugin 'INNODB_LOCK_WAITS'
2016-09-13 11:01:50 5908 [Note] Shutting down plugin 'INNODB_LOCKS'
2016-09-13 11:01:50 5908 [Note] Shutting down plugin 'INNODB_TRX'
2016-09-13 11:01:50 5908 [Note] Shutting down plugin 'InnoDB'
2016-09-13 11:01:50 5908 [Note] InnoDB: FTS optimize thread exiting.
2016-09-13 11:01:50 5908 [Note] InnoDB: Starting shutdown...
2016-09-13 11:01:51 5908 [Note] InnoDB: Shutdown completed; log sequence number 1771202
2016-09-13 11:01:51 5908 [Note] Shutting down plugin 'BLACKHOLE'
2016-09-13 11:01:51 5908 [Note] Shutting down plugin 'ARCHIVE'
2016-09-13 11:01:51 5908 [Note] Shutting down plugin 'MRG_MYISAM'
2016-09-13 11:01:51 5908 [Note] Shutting down plugin 'MyISAM'
2016-09-13 11:01:51 5908 [Note] Shutting down plugin 'MEMORY'
2016-09-13 11:01:51 5908 [Note] Shutting down plugin 'CSV'
2016-09-13 11:01:51 5908 [Note] Shutting down plugin 'sha256_password'
2016-09-13 11:01:51 5908 [Note] Shutting down plugin 'mysql_old_password'
2016-09-13 11:01:51 5908 [Note] Shutting down plugin 'mysql_native_password'
2016-09-13 11:01:51 5908 [Note] Shutting down plugin 'binlog'
2016-09-13 11:01:51 5908 [Note] C:\Users\kimte\Desktop\KTH\InternetApplikationer\UniServerZ.sem1\core\mysql\bin\mysqld_z.exe: Shutdown complete

